1760202421.555907 client started (65948): version 3.4, socket /private/tmp/tmux-501/default, protocol 8
1760202421.555974 on Darwin 24.6.0 Darwin Kernel Version 24.6.0: Mon Jul 14 11:29:54 PDT 2025; root:xnu-11417.140.69~1/RELEASE_ARM64_T8122
1760202421.555990 using libevent 2.1.12-stable select
1760202421.556004 using utf8proc 2.10.0
1760202421.556012 using ncurses 6.5 20240427
1760202421.556033 flags are 0x18010000
1760202421.556040 socket is /private/tmp/tmux-501/default
1760202421.556052 trying connect
1760202421.556110 add peer 0x110008000: 6 (0x0)
1760202421.558746 sending message 100 to peer 0x110008000 (4 bytes)
1760202421.558764 sending message 111 to peer 0x110008000 (8 bytes)
1760202421.558772 sending message 101 to peer 0x110008000 (15 bytes)
1760202421.558779 sending message 109 to peer 0x110008000 (4 bytes)
1760202421.558785 sending message 102 to peer 0x110008000 (13 bytes)
1760202421.558791 sending message 108 to peer 0x110008000 (41 bytes)
1760202421.558796 sending message 112 to peer 0x110008000 (58 bytes)
1760202421.558802 sending message 112 to peer 0x110008000 (5 bytes)
1760202421.558808 sending message 112 to peer 0x110008000 (5 bytes)
1760202421.558813 sending message 112 to peer 0x110008000 (6 bytes)
1760202421.558819 sending message 112 to peer 0x110008000 (6 bytes)
1760202421.558824 sending message 112 to peer 0x110008000 (11 bytes)
1760202421.558831 sending message 112 to peer 0x110008000 (10 bytes)
1760202421.558836 sending message 112 to peer 0x110008000 (13 bytes)
1760202421.558842 sending message 112 to peer 0x110008000 (14 bytes)
1760202421.558847 sending message 112 to peer 0x110008000 (19 bytes)
1760202421.558853 sending message 112 to peer 0x110008000 (11 bytes)
1760202421.558859 sending message 112 to peer 0x110008000 (10 bytes)
1760202421.558864 sending message 112 to peer 0x110008000 (15 bytes)
1760202421.558870 sending message 112 to peer 0x110008000 (21 bytes)
1760202421.558875 sending message 112 to peer 0x110008000 (13 bytes)
1760202421.558881 sending message 112 to peer 0x110008000 (7 bytes)
1760202421.558886 sending message 112 to peer 0x110008000 (13 bytes)
1760202421.558892 sending message 112 to peer 0x110008000 (7 bytes)
1760202421.558897 sending message 112 to peer 0x110008000 (13 bytes)
1760202421.558903 sending message 112 to peer 0x110008000 (9 bytes)
1760202421.558908 sending message 112 to peer 0x110008000 (21 bytes)
1760202421.558913 sending message 112 to peer 0x110008000 (13 bytes)
1760202421.558919 sending message 112 to peer 0x110008000 (9 bytes)
1760202421.558924 sending message 112 to peer 0x110008000 (16 bytes)
1760202421.558930 sending message 112 to peer 0x110008000 (13 bytes)
1760202421.558935 sending message 112 to peer 0x110008000 (9 bytes)
1760202421.558941 sending message 112 to peer 0x110008000 (9 bytes)
1760202421.558946 sending message 112 to peer 0x110008000 (12 bytes)
1760202421.558952 sending message 112 to peer 0x110008000 (8 bytes)
1760202421.558957 sending message 112 to peer 0x110008000 (8 bytes)
1760202421.558962 sending message 112 to peer 0x110008000 (13 bytes)
1760202421.558968 sending message 112 to peer 0x110008000 (7 bytes)
1760202421.558973 sending message 112 to peer 0x110008000 (7 bytes)
1760202421.558979 sending message 112 to peer 0x110008000 (9 bytes)
1760202421.558984 sending message 112 to peer 0x110008000 (9 bytes)
1760202421.558990 sending message 112 to peer 0x110008000 (15 bytes)
1760202421.558995 sending message 112 to peer 0x110008000 (13 bytes)
1760202421.559001 sending message 112 to peer 0x110008000 (12 bytes)
1760202421.559006 sending message 112 to peer 0x110008000 (8 bytes)
1760202421.559012 sending message 112 to peer 0x110008000 (14 bytes)
1760202421.559018 sending message 112 to peer 0x110008000 (11 bytes)
1760202421.559023 sending message 112 to peer 0x110008000 (9 bytes)
1760202421.559029 sending message 112 to peer 0x110008000 (10 bytes)
1760202421.559034 sending message 112 to peer 0x110008000 (10 bytes)
1760202421.559039 sending message 112 to peer 0x110008000 (10 bytes)
1760202421.559045 sending message 112 to peer 0x110008000 (10 bytes)
1760202421.559062 sending message 112 to peer 0x110008000 (11 bytes)
1760202421.559066 sending message 112 to peer 0x110008000 (12 bytes)
1760202421.559070 sending message 112 to peer 0x110008000 (12 bytes)
1760202421.559074 sending message 112 to peer 0x110008000 (12 bytes)
1760202421.559078 sending message 112 to peer 0x110008000 (12 bytes)
1760202421.559082 sending message 112 to peer 0x110008000 (12 bytes)
1760202421.559086 sending message 112 to peer 0x110008000 (11 bytes)
1760202421.559089 sending message 112 to peer 0x110008000 (11 bytes)
1760202421.559093 sending message 112 to peer 0x110008000 (12 bytes)
1760202421.559097 sending message 112 to peer 0x110008000 (12 bytes)
1760202421.559100 sending message 112 to peer 0x110008000 (12 bytes)
1760202421.559104 sending message 112 to peer 0x110008000 (12 bytes)
1760202421.559108 sending message 112 to peer 0x110008000 (12 bytes)
1760202421.559111 sending message 112 to peer 0x110008000 (9 bytes)
1760202421.559115 sending message 112 to peer 0x110008000 (12 bytes)
1760202421.559119 sending message 112 to peer 0x110008000 (13 bytes)
1760202421.559122 sending message 112 to peer 0x110008000 (13 bytes)
1760202421.559126 sending message 112 to peer 0x110008000 (13 bytes)
1760202421.559130 sending message 112 to peer 0x110008000 (13 bytes)
1760202421.559133 sending message 112 to peer 0x110008000 (13 bytes)
1760202421.559137 sending message 112 to peer 0x110008000 (8 bytes)
1760202421.559141 sending message 112 to peer 0x110008000 (11 bytes)
1760202421.559144 sending message 112 to peer 0x110008000 (11 bytes)
1760202421.559148 sending message 112 to peer 0x110008000 (11 bytes)
1760202421.559152 sending message 112 to peer 0x110008000 (12 bytes)
1760202421.559155 sending message 112 to peer 0x110008000 (12 bytes)
1760202421.559159 sending message 112 to peer 0x110008000 (12 bytes)
1760202421.559163 sending message 112 to peer 0x110008000 (12 bytes)
1760202421.559166 sending message 112 to peer 0x110008000 (13 bytes)
1760202421.559170 sending message 112 to peer 0x110008000 (13 bytes)
1760202421.559174 sending message 112 to peer 0x110008000 (13 bytes)
1760202421.559177 sending message 112 to peer 0x110008000 (8 bytes)
1760202421.559181 sending message 112 to peer 0x110008000 (13 bytes)
1760202421.559185 sending message 112 to peer 0x110008000 (13 bytes)
1760202421.559189 sending message 112 to peer 0x110008000 (13 bytes)
1760202421.559192 sending message 112 to peer 0x110008000 (13 bytes)
1760202421.559196 sending message 112 to peer 0x110008000 (13 bytes)
1760202421.559199 sending message 112 to peer 0x110008000 (12 bytes)
1760202421.559203 sending message 112 to peer 0x110008000 (12 bytes)
1760202421.559207 sending message 112 to peer 0x110008000 (12 bytes)
1760202421.559210 sending message 112 to peer 0x110008000 (12 bytes)
1760202421.559214 sending message 112 to peer 0x110008000 (13 bytes)
1760202421.559218 sending message 112 to peer 0x110008000 (8 bytes)
1760202421.559221 sending message 112 to peer 0x110008000 (13 bytes)
1760202421.559225 sending message 112 to peer 0x110008000 (13 bytes)
1760202421.559229 sending message 112 to peer 0x110008000 (13 bytes)
1760202421.559233 sending message 112 to peer 0x110008000 (13 bytes)
1760202421.559237 sending message 112 to peer 0x110008000 (13 bytes)
1760202421.559240 sending message 112 to peer 0x110008000 (13 bytes)
1760202421.559244 sending message 112 to peer 0x110008000 (13 bytes)
1760202421.559248 sending message 112 to peer 0x110008000 (12 bytes)
1760202421.559251 sending message 112 to peer 0x110008000 (12 bytes)
1760202421.559255 sending message 112 to peer 0x110008000 (12 bytes)
1760202421.559259 sending message 112 to peer 0x110008000 (8 bytes)
1760202421.559263 sending message 112 to peer 0x110008000 (12 bytes)
1760202421.559267 sending message 112 to peer 0x110008000 (13 bytes)
1760202421.559270 sending message 112 to peer 0x110008000 (13 bytes)
1760202421.559274 sending message 112 to peer 0x110008000 (13 bytes)
1760202421.559278 sending message 112 to peer 0x110008000 (13 bytes)
1760202421.559290 sending message 112 to peer 0x110008000 (13 bytes)
1760202421.559294 sending message 112 to peer 0x110008000 (13 bytes)
1760202421.559298 sending message 112 to peer 0x110008000 (13 bytes)
1760202421.559302 sending message 112 to peer 0x110008000 (13 bytes)
1760202421.559305 sending message 112 to peer 0x110008000 (12 bytes)
1760202421.559309 sending message 112 to peer 0x110008000 (10 bytes)
1760202421.559313 sending message 112 to peer 0x110008000 (12 bytes)
1760202421.559317 sending message 112 to peer 0x110008000 (12 bytes)
1760202421.559320 sending message 112 to peer 0x110008000 (12 bytes)
1760202421.559324 sending message 112 to peer 0x110008000 (13 bytes)
1760202421.559327 sending message 112 to peer 0x110008000 (13 bytes)
1760202421.559330 sending message 112 to peer 0x110008000 (13 bytes)
1760202421.559333 sending message 112 to peer 0x110008000 (13 bytes)
1760202421.559337 sending message 112 to peer 0x110008000 (13 bytes)
1760202421.559340 sending message 112 to peer 0x110008000 (13 bytes)
1760202421.559343 sending message 112 to peer 0x110008000 (13 bytes)
1760202421.559346 sending message 112 to peer 0x110008000 (10 bytes)
1760202421.559349 sending message 112 to peer 0x110008000 (13 bytes)
1760202421.559352 sending message 112 to peer 0x110008000 (12 bytes)
1760202421.559355 sending message 112 to peer 0x110008000 (12 bytes)
1760202421.559358 sending message 112 to peer 0x110008000 (12 bytes)
1760202421.559362 sending message 112 to peer 0x110008000 (10 bytes)
1760202421.559365 sending message 112 to peer 0x110008000 (10 bytes)
1760202421.559368 sending message 112 to peer 0x110008000 (10 bytes)
1760202421.559371 sending message 112 to peer 0x110008000 (12 bytes)
1760202421.559374 sending message 112 to peer 0x110008000 (13 bytes)
1760202421.559377 sending message 112 to peer 0x110008000 (13 bytes)
1760202421.559380 sending message 112 to peer 0x110008000 (13 bytes)
1760202421.559383 sending message 112 to peer 0x110008000 (13 bytes)
1760202421.559386 sending message 112 to peer 0x110008000 (13 bytes)
1760202421.559389 sending message 112 to peer 0x110008000 (10 bytes)
1760202421.559393 sending message 112 to peer 0x110008000 (11 bytes)
1760202421.559396 sending message 112 to peer 0x110008000 (12 bytes)
1760202421.559399 sending message 112 to peer 0x110008000 (12 bytes)
1760202421.559402 sending message 112 to peer 0x110008000 (12 bytes)
1760202421.559405 sending message 112 to peer 0x110008000 (12 bytes)
1760202421.559408 sending message 112 to peer 0x110008000 (12 bytes)
1760202421.559411 sending message 112 to peer 0x110008000 (11 bytes)
1760202421.559414 sending message 112 to peer 0x110008000 (12 bytes)
1760202421.559417 sending message 112 to peer 0x110008000 (12 bytes)
1760202421.559421 sending message 112 to peer 0x110008000 (13 bytes)
1760202421.559424 sending message 112 to peer 0x110008000 (13 bytes)
1760202421.559427 sending message 112 to peer 0x110008000 (13 bytes)
1760202421.559430 sending message 112 to peer 0x110008000 (13 bytes)
1760202421.559433 sending message 112 to peer 0x110008000 (13 bytes)
1760202421.559437 sending message 112 to peer 0x110008000 (10 bytes)
1760202421.559441 sending message 112 to peer 0x110008000 (9 bytes)
1760202421.559445 sending message 112 to peer 0x110008000 (12 bytes)
1760202421.559448 sending message 112 to peer 0x110008000 (13 bytes)
1760202421.559453 sending message 112 to peer 0x110008000 (13 bytes)
1760202421.559456 sending message 112 to peer 0x110008000 (13 bytes)
1760202421.559459 sending message 112 to peer 0x110008000 (13 bytes)
1760202421.559462 sending message 112 to peer 0x110008000 (13 bytes)
1760202421.559465 sending message 112 to peer 0x110008000 (9 bytes)
1760202421.559469 sending message 112 to peer 0x110008000 (12 bytes)
1760202421.559472 sending message 112 to peer 0x110008000 (13 bytes)
1760202421.559475 sending message 112 to peer 0x110008000 (13 bytes)
1760202421.559479 sending message 112 to peer 0x110008000 (13 bytes)
1760202421.559482 sending message 112 to peer 0x110008000 (13 bytes)
1760202421.559485 sending message 112 to peer 0x110008000 (13 bytes)
1760202421.559494 sending message 112 to peer 0x110008000 (11 bytes)
1760202421.559497 sending message 112 to peer 0x110008000 (12 bytes)
1760202421.559500 sending message 112 to peer 0x110008000 (13 bytes)
1760202421.559503 sending message 112 to peer 0x110008000 (13 bytes)
1760202421.559506 sending message 112 to peer 0x110008000 (13 bytes)
1760202421.559510 sending message 112 to peer 0x110008000 (13 bytes)
1760202421.559513 sending message 112 to peer 0x110008000 (13 bytes)
1760202421.559516 sending message 112 to peer 0x110008000 (11 bytes)
1760202421.559519 sending message 112 to peer 0x110008000 (12 bytes)
1760202421.559522 sending message 112 to peer 0x110008000 (12 bytes)
1760202421.559525 sending message 112 to peer 0x110008000 (12 bytes)
1760202421.559528 sending message 112 to peer 0x110008000 (12 bytes)
1760202421.559532 sending message 112 to peer 0x110008000 (12 bytes)
1760202421.559535 sending message 112 to peer 0x110008000 (21 bytes)
1760202421.559538 sending message 112 to peer 0x110008000 (12 bytes)
1760202421.559541 sending message 112 to peer 0x110008000 (9 bytes)
1760202421.559544 sending message 112 to peer 0x110008000 (6 bytes)
1760202421.559548 sending message 112 to peer 0x110008000 (13 bytes)
1760202421.559551 sending message 112 to peer 0x110008000 (10 bytes)
1760202421.559554 sending message 112 to peer 0x110008000 (24 bytes)
1760202421.559557 sending message 112 to peer 0x110008000 (13 bytes)
1760202421.559560 sending message 112 to peer 0x110008000 (9 bytes)
1760202421.559564 sending message 112 to peer 0x110008000 (70 bytes)
1760202421.559567 sending message 112 to peer 0x110008000 (69 bytes)
1760202421.559570 sending message 112 to peer 0x110008000 (12 bytes)
1760202421.559573 sending message 112 to peer 0x110008000 (10 bytes)
1760202421.559576 sending message 112 to peer 0x110008000 (10 bytes)
1760202421.559579 sending message 112 to peer 0x110008000 (24 bytes)
1760202421.559583 sending message 112 to peer 0x110008000 (13 bytes)
1760202421.559586 sending message 112 to peer 0x110008000 (10 bytes)
1760202421.559589 sending message 112 to peer 0x110008000 (10 bytes)
1760202421.559592 sending message 112 to peer 0x110008000 (10 bytes)
1760202421.559595 sending message 112 to peer 0x110008000 (13 bytes)
1760202421.559598 sending message 112 to peer 0x110008000 (15 bytes)
1760202421.559601 sending message 112 to peer 0x110008000 (5 bytes)
1760202421.559605 sending message 104 to peer 0x110008000 (0 bytes)
1760202421.559609 sending message 110 to peer 0x110008000 (0 bytes)
1760202421.559612 sending message 107 to peer 0x110008000 (4 bytes)
1760202421.559616 sending message 105 to peer 0x110008000 (83 bytes)
1760202421.559619 sending message 105 to peer 0x110008000 (87 bytes)
1760202421.559622 sending message 105 to peer 0x110008000 (31 bytes)
1760202421.559625 sending message 105 to peer 0x110008000 (20 bytes)
1760202421.559628 sending message 105 to peer 0x110008000 (22 bytes)
1760202421.559632 sending message 105 to peer 0x110008000 (24 bytes)
1760202421.559635 sending message 105 to peer 0x110008000 (15 bytes)
1760202421.559638 sending message 105 to peer 0x110008000 (20 bytes)
1760202421.559641 sending message 105 to peer 0x110008000 (54 bytes)
1760202421.559644 sending message 105 to peer 0x110008000 (940 bytes)
1760202421.559648 sending message 105 to peer 0x110008000 (24 bytes)
1760202421.559651 sending message 105 to peer 0x110008000 (15 bytes)
1760202421.559654 sending message 105 to peer 0x110008000 (66 bytes)
1760202421.559657 sending message 105 to peer 0x110008000 (20 bytes)
1760202421.559661 sending message 105 to peer 0x110008000 (57 bytes)
1760202421.559664 sending message 105 to peer 0x110008000 (17 bytes)
1760202421.559667 sending message 105 to peer 0x110008000 (20 bytes)
1760202421.559670 sending message 105 to peer 0x110008000 (14 bytes)
1760202421.559673 sending message 105 to peer 0x110008000 (19 bytes)
1760202421.559676 sending message 105 to peer 0x110008000 (35 bytes)
1760202421.559680 sending message 105 to peer 0x110008000 (32 bytes)
1760202421.559690 sending message 105 to peer 0x110008000 (8 bytes)
1760202421.559694 sending message 105 to peer 0x110008000 (45 bytes)
1760202421.559697 sending message 105 to peer 0x110008000 (26 bytes)
1760202421.559700 sending message 105 to peer 0x110008000 (12 bytes)
1760202421.559704 sending message 105 to peer 0x110008000 (20 bytes)
1760202421.559707 sending message 105 to peer 0x110008000 (101 bytes)
1760202421.559710 sending message 105 to peer 0x110008000 (32 bytes)
1760202421.559714 sending message 105 to peer 0x110008000 (16 bytes)
1760202421.559717 sending message 105 to peer 0x110008000 (58 bytes)
1760202421.559720 sending message 105 to peer 0x110008000 (67 bytes)
1760202421.559723 sending message 105 to peer 0x110008000 (44 bytes)
1760202421.559726 sending message 105 to peer 0x110008000 (43 bytes)
1760202421.559729 sending message 105 to peer 0x110008000 (38 bytes)
1760202421.559735 sending message 105 to peer 0x110008000 (40 bytes)
1760202421.559739 sending message 105 to peer 0x110008000 (39 bytes)
1760202421.559742 sending message 105 to peer 0x110008000 (43 bytes)
1760202421.559745 sending message 105 to peer 0x110008000 (30 bytes)
1760202421.559748 sending message 105 to peer 0x110008000 (37 bytes)
1760202421.559751 sending message 105 to peer 0x110008000 (34 bytes)
1760202421.559755 sending message 105 to peer 0x110008000 (35 bytes)
1760202421.559758 sending message 105 to peer 0x110008000 (16 bytes)
1760202421.559761 sending message 105 to peer 0x110008000 (34 bytes)
1760202421.559764 sending message 105 to peer 0x110008000 (11 bytes)
1760202421.559767 sending message 105 to peer 0x110008000 (8 bytes)
1760202421.559771 sending message 105 to peer 0x110008000 (32 bytes)
1760202421.559774 sending message 105 to peer 0x110008000 (96 bytes)
1760202421.559777 sending message 105 to peer 0x110008000 (41 bytes)
1760202421.559780 sending message 105 to peer 0x110008000 (25 bytes)
1760202421.559783 sending message 106 to peer 0x110008000 (0 bytes)
1760202421.559839 sending message 200 to peer 0x110008000 (4 bytes)
1760202421.559843 client loop enter
1760202421.564959 peer 0x110008000 message 207
1760202421.564975 sending message 208 to peer 0x110008000 (0 bytes)
1760202571.920458 client_signal: Window size changes: 28
1760202571.920729 sending message 208 to peer 0x110008000 (0 bytes)
1760202578.349675 client_signal: Window size changes: 28
1760202578.349956 sending message 208 to peer 0x110008000 (0 bytes)
1760202723.742308 client_signal: Window size changes: 28
1760202723.743066 sending message 208 to peer 0x110008000 (0 bytes)
1760202735.204700 client loop exit
